<?xml version="1.0" encoding="UTF-8"?>
<testng-results ignored="0" total="36" passed="33" failed="3" skipped="0">
  <reporter-output>
  </reporter-output>
  <suite started-at="2021-10-29T12:17:44 ICT" name="Suite" finished-at="2021-10-29T12:19:49 ICT" duration-ms="125667">
    <groups>
    </groups>
    <test started-at="2021-10-29T12:17:44 ICT" name="Test" finished-at="2021-10-29T12:19:49 ICT" duration-ms="125667">
      <class name="SupplierRegistration.TestPersonalDetails">
        <test-method is-config="true" signature="beforeClass()[pri:0, instance:SupplierRegistration.TestPersonalDetails@4944252c]" started-at="2021-10-29T12:19:05 ICT" name="beforeClass" finished-at="2021-10-29T12:19:07 ICT" duration-ms="1486" status="PASS">
          <reporter-output>
          </reporter-output>
        </test-method> <!-- beforeClass -->
        <test-method signature="PersonalDetails(java.lang.String,java.lang.String,java.lang.String,java.lang.String,java.lang.String,java.lang.String,java.lang.String,java.lang.String,java.lang.String,java.lang.String)[pri:0, instance:SupplierRegistration.TestPersonalDetails@4944252c]" started-at="2021-10-29T12:19:08 ICT" name="PersonalDetails" data-provider="PersonalDetails" finished-at="2021-10-29T12:19:15 ICT" duration-ms="6460" status="PASS">
          <params>
            <param index="0">
              <value>
                <![CDATA[Chung]]>
              </value>
            </param>
            <param index="1">
              <value>
                <![CDATA[Nguyen]]>
              </value>
            </param>
            <param index="2">
              <value>
                <![CDATA[chunnt1112@gmail.com]]>
              </value>
            </param>
            <param index="3">
              <value>
                <![CDATA[12345]]>
              </value>
            </param>
            <param index="4">
              <value>
                <![CDATA[Van Xuan Nam]]>
              </value>
            </param>
            <param index="5">
              <value>
                <![CDATA[Thai binh]]>
              </value>
            </param>
            <param index="6">
              <value>
                <![CDATA[Thai Thuy]]>
              </value>
            </param>
            <param index="7">
              <value>
                <![CDATA[Thuy Xuan]]>
              </value>
            </param>
            <param index="8">
              <value>
                <![CDATA[Viet Nam]]>
              </value>
            </param>
            <param index="9">
              <value>
                <![CDATA[pass]]>
              </value>
            </param>
          </params>
          <reporter-output>
          </reporter-output>
        </test-method> <!-- PersonalDetails -->
        <test-method signature="PersonalDetails(java.lang.String,java.lang.String,java.lang.String,java.lang.String,java.lang.String,java.lang.String,java.lang.String,java.lang.String,java.lang.String,java.lang.String)[pri:0, instance:SupplierRegistration.TestPersonalDetails@4944252c]" started-at="2021-10-29T12:19:15 ICT" name="PersonalDetails" data-provider="PersonalDetails" finished-at="2021-10-29T12:19:17 ICT" duration-ms="2663" status="PASS">
          <params>
            <param index="0">
              <value>
                <![CDATA[Ch]]>
              </value>
            </param>
            <param index="1">
              <value>
                <![CDATA[Ng]]>
              </value>
            </param>
            <param index="2">
              <value>
                <![CDATA[chunnt1112]]>
              </value>
            </param>
            <param index="3">
              <value>
                <![CDATA[abcd]]>
              </value>
            </param>
            <param index="4">
              <value>
                <![CDATA[Van Xuan Nam]]>
              </value>
            </param>
            <param index="5">
              <value>
                <![CDATA[Thai binh]]>
              </value>
            </param>
            <param index="6">
              <value>
                <![CDATA[Thai Thuy]]>
              </value>
            </param>
            <param index="7">
              <value>
                <![CDATA[Thuy Xuan]]>
              </value>
            </param>
            <param index="8">
              <value>
                <![CDATA[Viet Nam]]>
              </value>
            </param>
            <param index="9">
              <value>
                <![CDATA[fail]]>
              </value>
            </param>
          </params>
          <reporter-output>
          </reporter-output>
        </test-method> <!-- PersonalDetails -->
        <test-method signature="PersonalDetails(java.lang.String,java.lang.String,java.lang.String,java.lang.String,java.lang.String,java.lang.String,java.lang.String,java.lang.String,java.lang.String,java.lang.String)[pri:0, instance:SupplierRegistration.TestPersonalDetails@4944252c]" started-at="2021-10-29T12:19:17 ICT" name="PersonalDetails" data-provider="PersonalDetails" finished-at="2021-10-29T12:19:20 ICT" duration-ms="2619" status="PASS">
          <params>
            <param index="0">
              <value>
                <![CDATA[Chu]]>
              </value>
            </param>
            <param index="1">
              <value>
                <![CDATA[Ngy]]>
              </value>
            </param>
            <param index="2">
              <value>
                <![CDATA[chunnt1112@gmail]]>
              </value>
            </param>
            <param index="3">
              <value>
                <![CDATA[12345]]>
              </value>
            </param>
            <param index="4">
              <value>
                <![CDATA[Van Xuan Nam]]>
              </value>
            </param>
            <param index="5">
              <value>
                <![CDATA[Thai binh]]>
              </value>
            </param>
            <param index="6">
              <value>
                <![CDATA[Thai Thuy]]>
              </value>
            </param>
            <param index="7">
              <value>
                <![CDATA[Thuy Xuan]]>
              </value>
            </param>
            <param index="8">
              <value>
                <![CDATA[Viet Nam]]>
              </value>
            </param>
            <param index="9">
              <value>
                <![CDATA[pass]]>
              </value>
            </param>
          </params>
          <reporter-output>
          </reporter-output>
        </test-method> <!-- PersonalDetails -->
        <test-method signature="PersonalDetails(java.lang.String,java.lang.String,java.lang.String,java.lang.String,java.lang.String,java.lang.String,java.lang.String,java.lang.String,java.lang.String,java.lang.String)[pri:0, instance:SupplierRegistration.TestPersonalDetails@4944252c]" started-at="2021-10-29T12:19:20 ICT" name="PersonalDetails" data-provider="PersonalDetails" finished-at="2021-10-29T12:19:23 ICT" duration-ms="2758" status="PASS">
          <params>
            <param index="0">
              <value>
                <![CDATA[Chunggggggggggggggggggggggggggggggggggg]]>
              </value>
            </param>
            <param index="1">
              <value>
                <![CDATA[Nguyennnnnnnnnnnnnnnnnnnnnnnnnnnnnnn]]>
              </value>
            </param>
            <param index="2">
              <value>
                <![CDATA[chunnt1112@gmail.com]]>
              </value>
            </param>
            <param index="3">
              <value>
                <![CDATA[12345]]>
              </value>
            </param>
            <param index="4">
              <value>
                <![CDATA[Van Xuan Nam]]>
              </value>
            </param>
            <param index="5">
              <value>
                <![CDATA[Thai binh]]>
              </value>
            </param>
            <param index="6">
              <value>
                <![CDATA[Thai Thuy]]>
              </value>
            </param>
            <param index="7">
              <value>
                <![CDATA[Thuy Xuan]]>
              </value>
            </param>
            <param index="8">
              <value>
                <![CDATA[Viet Nam]]>
              </value>
            </param>
            <param index="9">
              <value>
                <![CDATA[fail]]>
              </value>
            </param>
          </params>
          <reporter-output>
          </reporter-output>
        </test-method> <!-- PersonalDetails -->
        <test-method signature="PersonalDetails(java.lang.String,java.lang.String,java.lang.String,java.lang.String,java.lang.String,java.lang.String,java.lang.String,java.lang.String,java.lang.String,java.lang.String)[pri:0, instance:SupplierRegistration.TestPersonalDetails@4944252c]" started-at="2021-10-29T12:19:23 ICT" name="PersonalDetails" data-provider="PersonalDetails" finished-at="2021-10-29T12:19:25 ICT" duration-ms="2612" status="PASS">
          <params>
            <param index="0">
              <value>
                <![CDATA[Chung]]>
              </value>
            </param>
            <param index="1">
              <value>
                <![CDATA[]]>
              </value>
            </param>
            <param index="2">
              <value>
                <![CDATA[chunnt1112@]]>
              </value>
            </param>
            <param index="3">
              <value>
                <![CDATA[12345]]>
              </value>
            </param>
            <param index="4">
              <value>
                <![CDATA[Van Xuan Nam]]>
              </value>
            </param>
            <param index="5">
              <value>
                <![CDATA[Thai binh]]>
              </value>
            </param>
            <param index="6">
              <value>
                <![CDATA[Thai Thuy]]>
              </value>
            </param>
            <param index="7">
              <value>
                <![CDATA[Thuy Xuan]]>
              </value>
            </param>
            <param index="8">
              <value>
                <![CDATA[Viet Nam]]>
              </value>
            </param>
            <param index="9">
              <value>
                <![CDATA[fail]]>
              </value>
            </param>
          </params>
          <reporter-output>
          </reporter-output>
        </test-method> <!-- PersonalDetails -->
        <test-method signature="PersonalDetails(java.lang.String,java.lang.String,java.lang.String,java.lang.String,java.lang.String,java.lang.String,java.lang.String,java.lang.String,java.lang.String,java.lang.String)[pri:0, instance:SupplierRegistration.TestPersonalDetails@4944252c]" started-at="2021-10-29T12:19:25 ICT" name="PersonalDetails" data-provider="PersonalDetails" finished-at="2021-10-29T12:19:28 ICT" duration-ms="2457" status="PASS">
          <params>
            <param index="0">
              <value>
                <![CDATA[]]>
              </value>
            </param>
            <param index="1">
              <value>
                <![CDATA[]]>
              </value>
            </param>
            <param index="2">
              <value>
                <![CDATA[]]>
              </value>
            </param>
            <param index="3">
              <value>
                <![CDATA[]]>
              </value>
            </param>
            <param index="4">
              <value>
                <![CDATA[]]>
              </value>
            </param>
            <param index="5">
              <value>
                <![CDATA[]]>
              </value>
            </param>
            <param index="6">
              <value>
                <![CDATA[]]>
              </value>
            </param>
            <param index="7">
              <value>
                <![CDATA[]]>
              </value>
            </param>
            <param index="8">
              <value>
                <![CDATA[]]>
              </value>
            </param>
            <param index="9">
              <value>
                <![CDATA[fail]]>
              </value>
            </param>
          </params>
          <reporter-output>
          </reporter-output>
        </test-method> <!-- PersonalDetails -->
        <test-method is-config="true" signature="afterClass()[pri:0, instance:SupplierRegistration.TestPersonalDetails@4944252c]" started-at="2021-10-29T12:19:28 ICT" name="afterClass" finished-at="2021-10-29T12:19:28 ICT" duration-ms="750" status="PASS">
          <reporter-output>
          </reporter-output>
        </test-method> <!-- afterClass -->
      </class> <!-- SupplierRegistration.TestPersonalDetails -->
      <class name="Login.TestLogin">
        <test-method is-config="true" signature="beforeClass()[pri:0, instance:Login.TestLogin@79da8dc5]" started-at="2021-10-29T12:17:44 ICT" name="beforeClass" finished-at="2021-10-29T12:17:47 ICT" duration-ms="3658" status="PASS">
          <reporter-output>
          </reporter-output>
        </test-method> <!-- beforeClass -->
        <test-method signature="testLogin(java.lang.String,java.lang.String,java.lang.String)[pri:0, instance:Login.TestLogin@79da8dc5]" started-at="2021-10-29T12:17:49 ICT" name="testLogin" data-provider="testLogin" finished-at="2021-10-29T12:17:56 ICT" duration-ms="6999" status="FAIL">
          <params>
            <param index="0">
              <value>
                <![CDATA[banker1]]>
              </value>
            </param>
            <param index="1">
              <value>
                <![CDATA[password]]>
              </value>
            </param>
            <param index="2">
              <value>
                <![CDATA[pass]]>
              </value>
            </param>
          </params>
          <exception class="java.lang.AssertionError">
            <message>
              <![CDATA[expected [true] but found [false]]]>
            </message>
            <full-stacktrace>
              <![CDATA[java.lang.AssertionError: expected [true] but found [false]
at org.testng.Assert.fail(Assert.java:99)
at org.testng.Assert.failNotEquals(Assert.java:1037)
at org.testng.Assert.assertTrue(Assert.java:45)
at org.testng.Assert.assertTrue(Assert.java:55)
at Login.TestLogin.testLogin(TestLogin.java:71)
at java.base/jdk.internal.reflect.NativeMethodAccessorImpl.invoke0(Native Method)
at java.base/jdk.internal.reflect.NativeMethodAccessorImpl.invoke(NativeMethodAccessorImpl.java:64)
at java.base/jdk.internal.reflect.DelegatingMethodAccessorImpl.invoke(DelegatingMethodAccessorImpl.java:43)
at java.base/java.lang.reflect.Method.invoke(Method.java:564)
at org.testng.internal.MethodInvocationHelper.invokeMethod(MethodInvocationHelper.java:133)
at org.testng.internal.TestInvoker.invokeMethod(TestInvoker.java:598)
at org.testng.internal.TestInvoker.invokeTestMethod(TestInvoker.java:173)
at org.testng.internal.MethodRunner.runInSequence(MethodRunner.java:46)
at org.testng.internal.TestInvoker$MethodInvocationAgent.invoke(TestInvoker.java:824)
at org.testng.internal.TestInvoker.invokeTestMethods(TestInvoker.java:146)
at org.testng.internal.TestMethodWorker.invokeTestMethods(TestMethodWorker.java:146)
at org.testng.internal.TestMethodWorker.run(TestMethodWorker.java:128)
at java.base/java.util.ArrayList.forEach(ArrayList.java:1511)
at org.testng.TestRunner.privateRun(TestRunner.java:794)
at org.testng.TestRunner.run(TestRunner.java:596)
at org.testng.SuiteRunner.runTest(SuiteRunner.java:377)
at org.testng.SuiteRunner.runSequentially(SuiteRunner.java:371)
at org.testng.SuiteRunner.privateRun(SuiteRunner.java:332)
at org.testng.SuiteRunner.run(SuiteRunner.java:276)
at org.testng.SuiteRunnerWorker.runSuite(SuiteRunnerWorker.java:53)
at org.testng.SuiteRunnerWorker.run(SuiteRunnerWorker.java:96)
at org.testng.TestNG.runSuitesSequentially(TestNG.java:1212)
at org.testng.TestNG.runSuitesLocally(TestNG.java:1134)
at org.testng.TestNG.runSuites(TestNG.java:1063)
at org.testng.TestNG.run(TestNG.java:1031)
at org.testng.remote.AbstractRemoteTestNG.run(AbstractRemoteTestNG.java:115)
at org.testng.remote.RemoteTestNG.initAndRun(RemoteTestNG.java:251)
at org.testng.remote.RemoteTestNG.main(RemoteTestNG.java:77)
]]>
            </full-stacktrace>
          </exception> <!-- java.lang.AssertionError -->
          <reporter-output>
          </reporter-output>
        </test-method> <!-- testLogin -->
        <test-method signature="testLogin(java.lang.String,java.lang.String,java.lang.String)[pri:0, instance:Login.TestLogin@79da8dc5]" started-at="2021-10-29T12:17:56 ICT" name="testLogin" data-provider="testLogin" finished-at="2021-10-29T12:17:57 ICT" duration-ms="910" status="PASS">
          <params>
            <param index="0">
              <value>
                <![CDATA[]]>
              </value>
            </param>
            <param index="1">
              <value>
                <![CDATA[]]>
              </value>
            </param>
            <param index="2">
              <value>
                <![CDATA[fail]]>
              </value>
            </param>
          </params>
          <reporter-output>
          </reporter-output>
        </test-method> <!-- testLogin -->
        <test-method signature="testLogin(java.lang.String,java.lang.String,java.lang.String)[pri:0, instance:Login.TestLogin@79da8dc5]" started-at="2021-10-29T12:17:57 ICT" name="testLogin" data-provider="testLogin" finished-at="2021-10-29T12:17:58 ICT" duration-ms="856" status="PASS">
          <params>
            <param index="0">
              <value>
                <![CDATA[account1]]>
              </value>
            </param>
            <param index="1">
              <value>
                <![CDATA[123456]]>
              </value>
            </param>
            <param index="2">
              <value>
                <![CDATA[fail]]>
              </value>
            </param>
          </params>
          <reporter-output>
          </reporter-output>
        </test-method> <!-- testLogin -->
        <test-method signature="testLogin(java.lang.String,java.lang.String,java.lang.String)[pri:0, instance:Login.TestLogin@79da8dc5]" started-at="2021-10-29T12:17:58 ICT" name="testLogin" data-provider="testLogin" finished-at="2021-10-29T12:17:59 ICT" duration-ms="910" status="PASS">
          <params>
            <param index="0">
              <value>
                <![CDATA[12345]]>
              </value>
            </param>
            <param index="1">
              <value>
                <![CDATA[nganngan]]>
              </value>
            </param>
            <param index="2">
              <value>
                <![CDATA[fail]]>
              </value>
            </param>
          </params>
          <reporter-output>
          </reporter-output>
        </test-method> <!-- testLogin -->
        <test-method is-config="true" signature="afterClass()[pri:0, instance:Login.TestLogin@79da8dc5]" started-at="2021-10-29T12:17:59 ICT" name="afterClass" finished-at="2021-10-29T12:18:00 ICT" duration-ms="1270" status="PASS">
          <reporter-output>
          </reporter-output>
        </test-method> <!-- afterClass -->
      </class> <!-- Login.TestLogin -->
      <class name="SupplierRegistration.TestUserDetails">
        <test-method is-config="true" signature="beforeClass()[pri:0, instance:SupplierRegistration.TestUserDetails@44821a96]" started-at="2021-10-29T12:19:28 ICT" name="beforeClass" finished-at="2021-10-29T12:19:30 ICT" duration-ms="1462" status="PASS">
          <reporter-output>
          </reporter-output>
        </test-method> <!-- beforeClass -->
        <test-method signature="UserDetails(java.lang.String,java.lang.String,java.lang.String,java.lang.String)[pri:0, instance:SupplierRegistration.TestUserDetails@44821a96]" started-at="2021-10-29T12:19:30 ICT" name="UserDetails" data-provider="UserDetails" finished-at="2021-10-29T12:19:35 ICT" duration-ms="4720" status="PASS">
          <params>
            <param index="0">
              <value>
                <![CDATA[Chung]]>
              </value>
            </param>
            <param index="1">
              <value>
                <![CDATA[Chung12]]>
              </value>
            </param>
            <param index="2">
              <value>
                <![CDATA[Chung12]]>
              </value>
            </param>
            <param index="3">
              <value>
                <![CDATA[pass]]>
              </value>
            </param>
          </params>
          <reporter-output>
          </reporter-output>
        </test-method> <!-- UserDetails -->
        <test-method signature="UserDetails(java.lang.String,java.lang.String,java.lang.String,java.lang.String)[pri:0, instance:SupplierRegistration.TestUserDetails@44821a96]" started-at="2021-10-29T12:19:35 ICT" name="UserDetails" data-provider="UserDetails" finished-at="2021-10-29T12:19:36 ICT" duration-ms="690" status="PASS">
          <params>
            <param index="0">
              <value>
                <![CDATA[banker1]]>
              </value>
            </param>
            <param index="1">
              <value>
                <![CDATA[Chung12]]>
              </value>
            </param>
            <param index="2">
              <value>
                <![CDATA[Chung12]]>
              </value>
            </param>
            <param index="3">
              <value>
                <![CDATA[fail]]>
              </value>
            </param>
          </params>
          <reporter-output>
          </reporter-output>
        </test-method> <!-- UserDetails -->
        <test-method signature="UserDetails(java.lang.String,java.lang.String,java.lang.String,java.lang.String)[pri:0, instance:SupplierRegistration.TestUserDetails@44821a96]" started-at="2021-10-29T12:19:36 ICT" name="UserDetails" data-provider="UserDetails" finished-at="2021-10-29T12:19:36 ICT" duration-ms="602" status="PASS">
          <params>
            <param index="0">
              <value>
                <![CDATA[Chung]]>
              </value>
            </param>
            <param index="1">
              <value>
                <![CDATA[Chung12]]>
              </value>
            </param>
            <param index="2">
              <value>
                <![CDATA[Chung123]]>
              </value>
            </param>
            <param index="3">
              <value>
                <![CDATA[fail]]>
              </value>
            </param>
          </params>
          <reporter-output>
          </reporter-output>
        </test-method> <!-- UserDetails -->
        <test-method signature="UserDetails(java.lang.String,java.lang.String,java.lang.String,java.lang.String)[pri:0, instance:SupplierRegistration.TestUserDetails@44821a96]" started-at="2021-10-29T12:19:36 ICT" name="UserDetails" data-provider="UserDetails" finished-at="2021-10-29T12:19:37 ICT" duration-ms="534" status="PASS">
          <params>
            <param index="0">
              <value>
                <![CDATA[]]>
              </value>
            </param>
            <param index="1">
              <value>
                <![CDATA[]]>
              </value>
            </param>
            <param index="2">
              <value>
                <![CDATA[]]>
              </value>
            </param>
            <param index="3">
              <value>
                <![CDATA[fail]]>
              </value>
            </param>
          </params>
          <reporter-output>
          </reporter-output>
        </test-method> <!-- UserDetails -->
        <test-method signature="UserDetails(java.lang.String,java.lang.String,java.lang.String,java.lang.String)[pri:0, instance:SupplierRegistration.TestUserDetails@44821a96]" started-at="2021-10-29T12:19:37 ICT" name="UserDetails" data-provider="UserDetails" finished-at="2021-10-29T12:19:37 ICT" duration-ms="576" status="PASS">
          <params>
            <param index="0">
              <value>
                <![CDATA[Chu]]>
              </value>
            </param>
            <param index="1">
              <value>
                <![CDATA[Chun]]>
              </value>
            </param>
            <param index="2">
              <value>
                <![CDATA[Chun]]>
              </value>
            </param>
            <param index="3">
              <value>
                <![CDATA[fail]]>
              </value>
            </param>
          </params>
          <reporter-output>
          </reporter-output>
        </test-method> <!-- UserDetails -->
        <test-method is-config="true" signature="afterClass()[pri:0, instance:SupplierRegistration.TestUserDetails@44821a96]" started-at="2021-10-29T12:19:37 ICT" name="afterClass" finished-at="2021-10-29T12:19:38 ICT" duration-ms="788" status="PASS">
          <reporter-output>
          </reporter-output>
        </test-method> <!-- afterClass -->
      </class> <!-- SupplierRegistration.TestUserDetails -->
      <class name="Search.TestSearch">
        <test-method is-config="true" signature="beforeClass()[pri:0, instance:Search.TestSearch@732c2a62]" started-at="2021-10-29T12:19:38 ICT" name="beforeClass" finished-at="2021-10-29T12:19:43 ICT" duration-ms="5113" status="PASS">
          <reporter-output>
          </reporter-output>
        </test-method> <!-- beforeClass -->
        <test-method signature="searchByClientID()[pri:0, instance:Search.TestSearch@732c2a62]" started-at="2021-10-29T12:19:43 ICT" name="searchByClientID" finished-at="2021-10-29T12:19:48 ICT" duration-ms="4494" status="PASS">
          <reporter-output>
          </reporter-output>
        </test-method> <!-- searchByClientID -->
        <test-method signature="searchByInvoice()[pri:0, instance:Search.TestSearch@732c2a62]" started-at="2021-10-29T12:19:48 ICT" name="searchByInvoice" finished-at="2021-10-29T12:19:48 ICT" duration-ms="155" status="PASS">
          <reporter-output>
          </reporter-output>
        </test-method> <!-- searchByInvoice -->
        <test-method signature="searchBySupplierID()[pri:0, instance:Search.TestSearch@732c2a62]" started-at="2021-10-29T12:19:48 ICT" name="searchBySupplierID" finished-at="2021-10-29T12:19:48 ICT" duration-ms="164" status="PASS">
          <reporter-output>
          </reporter-output>
        </test-method> <!-- searchBySupplierID -->
        <test-method is-config="true" signature="afterClass()[pri:0, instance:Search.TestSearch@732c2a62]" started-at="2021-10-29T12:19:48 ICT" name="afterClass" finished-at="2021-10-29T12:19:49 ICT" duration-ms="1062" status="PASS">
          <reporter-output>
          </reporter-output>
        </test-method> <!-- afterClass -->
      </class> <!-- Search.TestSearch -->
      <class name="ClientRegistration.Form3">
        <test-method is-config="true" signature="setUp()[pri:0, instance:ClientRegistration.Form3@41e1e210]" started-at="2021-10-29T12:18:35 ICT" name="setUp" finished-at="2021-10-29T12:18:36 ICT" duration-ms="1358" status="PASS">
          <reporter-output>
          </reporter-output>
        </test-method> <!-- setUp -->
        <test-method signature="testForm3(java.lang.String)[pri:0, instance:ClientRegistration.Form3@41e1e210]" started-at="2021-10-29T12:18:36 ICT" name="testForm3" data-provider="Form3" finished-at="2021-10-29T12:18:36 ICT" duration-ms="272" status="FAIL">
          <exception class="org.testng.internal.reflect.MethodMatcherException">
            <message>
              <![CDATA[
[public static void ClientRegistration.Form3.testForm3(java.lang.String)] has no parameters defined but was found to be using a data provider (either explicitly specified or inherited from class level annotation).
Data provider mismatch
Method: testForm3([Parameter{index=0, type=java.lang.String, declaredAnnotations=[]}])
Arguments: [(java.lang.String) 10001000,(java.lang.String) pass]]]>
            </message>
            <full-stacktrace>
              <![CDATA[org.testng.internal.reflect.MethodMatcherException: 
[public static void ClientRegistration.Form3.testForm3(java.lang.String)] has no parameters defined but was found to be using a data provider (either explicitly specified or inherited from class level annotation).
Data provider mismatch
Method: testForm3([Parameter{index=0, type=java.lang.String, declaredAnnotations=[]}])
Arguments: [(java.lang.String) 10001000,(java.lang.String) pass]
at org.testng.internal.reflect.DataProviderMethodMatcher.getConformingArguments(DataProviderMethodMatcher.java:43)
at org.testng.internal.Parameters.injectParameters(Parameters.java:914)
at org.testng.internal.MethodRunner.runInSequence(MethodRunner.java:34)
at org.testng.internal.TestInvoker$MethodInvocationAgent.invoke(TestInvoker.java:824)
at org.testng.internal.TestInvoker.invokeTestMethods(TestInvoker.java:146)
at org.testng.internal.TestMethodWorker.invokeTestMethods(TestMethodWorker.java:146)
at org.testng.internal.TestMethodWorker.run(TestMethodWorker.java:128)
at java.base/java.util.ArrayList.forEach(ArrayList.java:1511)
at org.testng.TestRunner.privateRun(TestRunner.java:794)
at org.testng.TestRunner.run(TestRunner.java:596)
at org.testng.SuiteRunner.runTest(SuiteRunner.java:377)
at org.testng.SuiteRunner.runSequentially(SuiteRunner.java:371)
at org.testng.SuiteRunner.privateRun(SuiteRunner.java:332)
at org.testng.SuiteRunner.run(SuiteRunner.java:276)
at org.testng.SuiteRunnerWorker.runSuite(SuiteRunnerWorker.java:53)
at org.testng.SuiteRunnerWorker.run(SuiteRunnerWorker.java:96)
at org.testng.TestNG.runSuitesSequentially(TestNG.java:1212)
at org.testng.TestNG.runSuitesLocally(TestNG.java:1134)
at org.testng.TestNG.runSuites(TestNG.java:1063)
at org.testng.TestNG.run(TestNG.java:1031)
at org.testng.remote.AbstractRemoteTestNG.run(AbstractRemoteTestNG.java:115)
at org.testng.remote.RemoteTestNG.initAndRun(RemoteTestNG.java:251)
at org.testng.remote.RemoteTestNG.main(RemoteTestNG.java:77)
]]>
            </full-stacktrace>
          </exception> <!-- org.testng.internal.reflect.MethodMatcherException -->
          <reporter-output>
          </reporter-output>
        </test-method> <!-- testForm3 -->
        <test-method is-config="true" signature="tearDown()[pri:0, instance:ClientRegistration.Form3@41e1e210]" started-at="2021-10-29T12:18:36 ICT" name="tearDown" finished-at="2021-10-29T12:18:37 ICT" duration-ms="782" status="PASS">
          <reporter-output>
          </reporter-output>
        </test-method> <!-- tearDown -->
      </class> <!-- ClientRegistration.Form3 -->
      <class name="ClientRegistration.Form2">
        <test-method is-config="true" signature="setUp()[pri:0, instance:ClientRegistration.Form2@29e495ff]" started-at="2021-10-29T12:18:15 ICT" name="setUp" finished-at="2021-10-29T12:18:17 ICT" duration-ms="1507" status="PASS">
          <reporter-output>
          </reporter-output>
        </test-method> <!-- setUp -->
        <test-method signature="testForm2(java.lang.String,java.lang.String,java.lang.String,java.lang.String,java.lang.String,java.lang.String,java.lang.String,java.lang.String,java.lang.String,java.lang.String)[pri:0, instance:ClientRegistration.Form2@29e495ff]" started-at="2021-10-29T12:18:18 ICT" name="testForm2" data-provider="Form2" finished-at="2021-10-29T12:18:24 ICT" duration-ms="5859" status="PASS">
          <params>
            <param index="0">
              <value>
                <![CDATA[John]]>
              </value>
            </param>
            <param index="1">
              <value>
                <![CDATA[Adam]]>
              </value>
            </param>
            <param index="2">
              <value>
                <![CDATA[email@testemail.com]]>
              </value>
            </param>
            <param index="3">
              <value>
                <![CDATA[911202546]]>
              </value>
            </param>
            <param index="4">
              <value>
                <![CDATA[sample address]]>
              </value>
            </param>
            <param index="5">
              <value>
                <![CDATA[hanoi]]>
              </value>
            </param>
            <param index="6">
              <value>
                <![CDATA[sample state]]>
              </value>
            </param>
            <param index="7">
              <value>
                <![CDATA[hanoi]]>
              </value>
            </param>
            <param index="8">
              <value>
                <![CDATA[Viet Nam]]>
              </value>
            </param>
            <param index="9">
              <value>
                <![CDATA[pass]]>
              </value>
            </param>
          </params>
          <reporter-output>
          </reporter-output>
        </test-method> <!-- testForm2 -->
        <test-method signature="testForm2(java.lang.String,java.lang.String,java.lang.String,java.lang.String,java.lang.String,java.lang.String,java.lang.String,java.lang.String,java.lang.String,java.lang.String)[pri:0, instance:ClientRegistration.Form2@29e495ff]" started-at="2021-10-29T12:18:24 ICT" name="testForm2" data-provider="Form2" finished-at="2021-10-29T12:18:26 ICT" duration-ms="1942" status="PASS">
          <params>
            <param index="0">
              <value>
                <![CDATA[Jo]]>
              </value>
            </param>
            <param index="1">
              <value>
                <![CDATA[Ad]]>
              </value>
            </param>
            <param index="2">
              <value>
                <![CDATA[email@]]>
              </value>
            </param>
            <param index="3">
              <value>
                <![CDATA[abcd]]>
              </value>
            </param>
            <param index="4">
              <value>
                <![CDATA[sample address]]>
              </value>
            </param>
            <param index="5">
              <value>
                <![CDATA[hanoi]]>
              </value>
            </param>
            <param index="6">
              <value>
                <![CDATA[sample state]]>
              </value>
            </param>
            <param index="7">
              <value>
                <![CDATA[hanoi]]>
              </value>
            </param>
            <param index="8">
              <value>
                <![CDATA[Viet Nam]]>
              </value>
            </param>
            <param index="9">
              <value>
                <![CDATA[fail]]>
              </value>
            </param>
          </params>
          <reporter-output>
          </reporter-output>
        </test-method> <!-- testForm2 -->
        <test-method signature="testForm2(java.lang.String,java.lang.String,java.lang.String,java.lang.String,java.lang.String,java.lang.String,java.lang.String,java.lang.String,java.lang.String,java.lang.String)[pri:0, instance:ClientRegistration.Form2@29e495ff]" started-at="2021-10-29T12:18:26 ICT" name="testForm2" data-provider="Form2" finished-at="2021-10-29T12:18:28 ICT" duration-ms="2023" status="PASS">
          <params>
            <param index="0">
              <value>
                <![CDATA[Joh]]>
              </value>
            </param>
            <param index="1">
              <value>
                <![CDATA[Ada]]>
              </value>
            </param>
            <param index="2">
              <value>
                <![CDATA[email@testemail.com]]>
              </value>
            </param>
            <param index="3">
              <value>
                <![CDATA[12345]]>
              </value>
            </param>
            <param index="4">
              <value>
                <![CDATA[sample address]]>
              </value>
            </param>
            <param index="5">
              <value>
                <![CDATA[hanoi]]>
              </value>
            </param>
            <param index="6">
              <value>
                <![CDATA[sample state]]>
              </value>
            </param>
            <param index="7">
              <value>
                <![CDATA[hanoi]]>
              </value>
            </param>
            <param index="8">
              <value>
                <![CDATA[Viet Nam]]>
              </value>
            </param>
            <param index="9">
              <value>
                <![CDATA[pass]]>
              </value>
            </param>
          </params>
          <reporter-output>
          </reporter-output>
        </test-method> <!-- testForm2 -->
        <test-method signature="testForm2(java.lang.String,java.lang.String,java.lang.String,java.lang.String,java.lang.String,java.lang.String,java.lang.String,java.lang.String,java.lang.String,java.lang.String)[pri:0, instance:ClientRegistration.Form2@29e495ff]" started-at="2021-10-29T12:18:28 ICT" name="testForm2" data-provider="Form2" finished-at="2021-10-29T12:18:30 ICT" duration-ms="2080" status="PASS">
          <params>
            <param index="0">
              <value>
                <![CDATA[aaaaaaaaaaaaaaaaaaaaaaaaaaaaaaaaaaaaaa]]>
              </value>
            </param>
            <param index="1">
              <value>
                <![CDATA[aaaaaaaaaaaaaaaaaaaaaaaaaaaaaaaaaaa]]>
              </value>
            </param>
            <param index="2">
              <value>
                <![CDATA[email@testemail.com]]>
              </value>
            </param>
            <param index="3">
              <value>
                <![CDATA[12345]]>
              </value>
            </param>
            <param index="4">
              <value>
                <![CDATA[sample address]]>
              </value>
            </param>
            <param index="5">
              <value>
                <![CDATA[hanoi]]>
              </value>
            </param>
            <param index="6">
              <value>
                <![CDATA[sample state]]>
              </value>
            </param>
            <param index="7">
              <value>
                <![CDATA[hanoi]]>
              </value>
            </param>
            <param index="8">
              <value>
                <![CDATA[Viet Nam]]>
              </value>
            </param>
            <param index="9">
              <value>
                <![CDATA[fail]]>
              </value>
            </param>
          </params>
          <reporter-output>
          </reporter-output>
        </test-method> <!-- testForm2 -->
        <test-method signature="testForm2(java.lang.String,java.lang.String,java.lang.String,java.lang.String,java.lang.String,java.lang.String,java.lang.String,java.lang.String,java.lang.String,java.lang.String)[pri:0, instance:ClientRegistration.Form2@29e495ff]" started-at="2021-10-29T12:18:30 ICT" name="testForm2" data-provider="Form2" finished-at="2021-10-29T12:18:32 ICT" duration-ms="1943" status="PASS">
          <params>
            <param index="0">
              <value>
                <![CDATA[John]]>
              </value>
            </param>
            <param index="1">
              <value>
                <![CDATA[]]>
              </value>
            </param>
            <param index="2">
              <value>
                <![CDATA[email@testemail.com]]>
              </value>
            </param>
            <param index="3">
              <value>
                <![CDATA[12345]]>
              </value>
            </param>
            <param index="4">
              <value>
                <![CDATA[sample address]]>
              </value>
            </param>
            <param index="5">
              <value>
                <![CDATA[hanoi]]>
              </value>
            </param>
            <param index="6">
              <value>
                <![CDATA[sample state]]>
              </value>
            </param>
            <param index="7">
              <value>
                <![CDATA[hanoi]]>
              </value>
            </param>
            <param index="8">
              <value>
                <![CDATA[Viet Nam]]>
              </value>
            </param>
            <param index="9">
              <value>
                <![CDATA[fail]]>
              </value>
            </param>
          </params>
          <reporter-output>
          </reporter-output>
        </test-method> <!-- testForm2 -->
        <test-method signature="testForm2(java.lang.String,java.lang.String,java.lang.String,java.lang.String,java.lang.String,java.lang.String,java.lang.String,java.lang.String,java.lang.String,java.lang.String)[pri:0, instance:ClientRegistration.Form2@29e495ff]" started-at="2021-10-29T12:18:32 ICT" name="testForm2" data-provider="Form2" finished-at="2021-10-29T12:18:34 ICT" duration-ms="1865" status="PASS">
          <params>
            <param index="0">
              <value>
                <![CDATA[]]>
              </value>
            </param>
            <param index="1">
              <value>
                <![CDATA[]]>
              </value>
            </param>
            <param index="2">
              <value>
                <![CDATA[]]>
              </value>
            </param>
            <param index="3">
              <value>
                <![CDATA[]]>
              </value>
            </param>
            <param index="4">
              <value>
                <![CDATA[]]>
              </value>
            </param>
            <param index="5">
              <value>
                <![CDATA[]]>
              </value>
            </param>
            <param index="6">
              <value>
                <![CDATA[]]>
              </value>
            </param>
            <param index="7">
              <value>
                <![CDATA[]]>
              </value>
            </param>
            <param index="8">
              <value>
                <![CDATA[]]>
              </value>
            </param>
            <param index="9">
              <value>
                <![CDATA[fail]]>
              </value>
            </param>
          </params>
          <reporter-output>
          </reporter-output>
        </test-method> <!-- testForm2 -->
        <test-method is-config="true" signature="tearDown()[pri:0, instance:ClientRegistration.Form2@29e495ff]" started-at="2021-10-29T12:18:34 ICT" name="tearDown" finished-at="2021-10-29T12:18:35 ICT" duration-ms="710" status="PASS">
          <reporter-output>
          </reporter-output>
        </test-method> <!-- tearDown -->
      </class> <!-- ClientRegistration.Form2 -->
      <class name="ClientRegistration.Form1">
        <test-method is-config="true" signature="beforeClass()[pri:0, instance:ClientRegistration.Form1@2f8dad04]" started-at="2021-10-29T12:18:00 ICT" name="beforeClass" finished-at="2021-10-29T12:18:02 ICT" duration-ms="1560" status="PASS">
          <reporter-output>
          </reporter-output>
        </test-method> <!-- beforeClass -->
        <test-method signature="testForm1(java.lang.String,java.lang.String,java.lang.String,java.lang.String)[pri:0, instance:ClientRegistration.Form1@2f8dad04]" started-at="2021-10-29T12:18:03 ICT" name="testForm1" data-provider="Form1" finished-at="2021-10-29T12:18:08 ICT" duration-ms="4886" status="PASS">
          <params>
            <param index="0">
              <value>
                <![CDATA[clientTest]]>
              </value>
            </param>
            <param index="1">
              <value>
                <![CDATA[clientPass01]]>
              </value>
            </param>
            <param index="2">
              <value>
                <![CDATA[clientPass01]]>
              </value>
            </param>
            <param index="3">
              <value>
                <![CDATA[pass]]>
              </value>
            </param>
          </params>
          <reporter-output>
          </reporter-output>
        </test-method> <!-- testForm1 -->
        <test-method signature="testForm1(java.lang.String,java.lang.String,java.lang.String,java.lang.String)[pri:0, instance:ClientRegistration.Form1@2f8dad04]" started-at="2021-10-29T12:18:08 ICT" name="testForm1" data-provider="Form1" finished-at="2021-10-29T12:18:09 ICT" duration-ms="1814" status="PASS">
          <params>
            <param index="0">
              <value>
                <![CDATA[banker1]]>
              </value>
            </param>
            <param index="1">
              <value>
                <![CDATA[clientPass01]]>
              </value>
            </param>
            <param index="2">
              <value>
                <![CDATA[clientPass01]]>
              </value>
            </param>
            <param index="3">
              <value>
                <![CDATA[fail]]>
              </value>
            </param>
          </params>
          <reporter-output>
          </reporter-output>
        </test-method> <!-- testForm1 -->
        <test-method signature="testForm1(java.lang.String,java.lang.String,java.lang.String,java.lang.String)[pri:0, instance:ClientRegistration.Form1@2f8dad04]" started-at="2021-10-29T12:18:09 ICT" name="testForm1" data-provider="Form1" finished-at="2021-10-29T12:18:11 ICT" duration-ms="1787" status="PASS">
          <params>
            <param index="0">
              <value>
                <![CDATA[clientTest]]>
              </value>
            </param>
            <param index="1">
              <value>
                <![CDATA[clientPass01]]>
              </value>
            </param>
            <param index="2">
              <value>
                <![CDATA[clientPass012]]>
              </value>
            </param>
            <param index="3">
              <value>
                <![CDATA[fail]]>
              </value>
            </param>
          </params>
          <reporter-output>
          </reporter-output>
        </test-method> <!-- testForm1 -->
        <test-method signature="testForm1(java.lang.String,java.lang.String,java.lang.String,java.lang.String)[pri:0, instance:ClientRegistration.Form1@2f8dad04]" started-at="2021-10-29T12:18:11 ICT" name="testForm1" data-provider="Form1" finished-at="2021-10-29T12:18:13 ICT" duration-ms="1694" status="PASS">
          <params>
            <param index="0">
              <value>
                <![CDATA[]]>
              </value>
            </param>
            <param index="1">
              <value>
                <![CDATA[]]>
              </value>
            </param>
            <param index="2">
              <value>
                <![CDATA[]]>
              </value>
            </param>
            <param index="3">
              <value>
                <![CDATA[fail]]>
              </value>
            </param>
          </params>
          <reporter-output>
          </reporter-output>
        </test-method> <!-- testForm1 -->
        <test-method signature="testForm1(java.lang.String,java.lang.String,java.lang.String,java.lang.String)[pri:0, instance:ClientRegistration.Form1@2f8dad04]" started-at="2021-10-29T12:18:13 ICT" name="testForm1" data-provider="Form1" finished-at="2021-10-29T12:18:15 ICT" duration-ms="1719" status="PASS">
          <params>
            <param index="0">
              <value>
                <![CDATA[cli]]>
              </value>
            </param>
            <param index="1">
              <value>
                <![CDATA[cli]]>
              </value>
            </param>
            <param index="2">
              <value>
                <![CDATA[cli]]>
              </value>
            </param>
            <param index="3">
              <value>
                <![CDATA[fail]]>
              </value>
            </param>
          </params>
          <reporter-output>
          </reporter-output>
        </test-method> <!-- testForm1 -->
        <test-method is-config="true" signature="afterClass()[pri:0, instance:ClientRegistration.Form1@2f8dad04]" started-at="2021-10-29T12:18:15 ICT" name="afterClass" finished-at="2021-10-29T12:18:15 ICT" duration-ms="761" status="PASS">
          <reporter-output>
          </reporter-output>
        </test-method> <!-- afterClass -->
      </class> <!-- ClientRegistration.Form1 -->
      <class name="SupplierRegistration.TestBankDetails">
        <test-method is-config="true" signature="beforeClass()[pri:0, instance:SupplierRegistration.TestBankDetails@be35cd9]" started-at="2021-10-29T12:18:37 ICT" name="beforeClass" finished-at="2021-10-29T12:18:39 ICT" duration-ms="1744" status="PASS">
          <reporter-output>
          </reporter-output>
        </test-method> <!-- beforeClass -->
        <test-method signature="testBankDetails(java.lang.String)[pri:0, instance:SupplierRegistration.TestBankDetails@be35cd9]" started-at="2021-10-29T12:18:39 ICT" name="testBankDetails" data-provider="BankDetails" finished-at="2021-10-29T12:18:48 ICT" duration-ms="8310" status="FAIL">
          <params>
            <param index="0">
              <value>
                <![CDATA[10001500]]>
              </value>
            </param>
          </params>
          <exception class="org.openqa.selenium.NoSuchElementException">
            <message>
              <![CDATA[no such element: Unable to locate element: {"method":"xpath","selector":"//mat-icon[@role='img']/following-sibling::mat-label[1]"}
  (Session info: MicrosoftEdge=95.0.1020.30)
For documentation on this error, please visit: https://www.seleniumhq.org/exceptions/no_such_element.html
Build info: version: '3.141.59', revision: 'e82be7d358', time: '2018-11-14T08:25:48'
System info: host: 'ADMIN', ip: '192.168.0.108', os.name: 'Windows 10', os.arch: 'amd64', os.version: '10.0', java.version: '15.0.1'
Driver info: org.openqa.selenium.edge.EdgeDriver
Capabilities {acceptInsecureCerts: false, browserName: msedge, browserVersion: 95.0.1020.30, javascriptEnabled: true, ms:edgeOptions: {debuggerAddress: localhost:61645}, msedge: {msedgedriverVersion: 95.0.1020.30 (09f7018e2a65a..., userDataDir: C:\Users\Admin\AppData\Loca...}, networkConnectionEnabled: false, pageLoadStrategy: normal, platform: WINDOWS, platformName: WINDOWS, proxy: Proxy(), setWindowRect: true, strictFileInteractability: false, timeouts: {implicit: 0, pageLoad: 300000, script: 30000}, unhandledPromptBehavior: dismiss and notify, webauthn:extension:credBlob: true, webauthn:extension:largeBlob: true, webauthn:virtualAuthenticators: true}
Session ID: 1e538c3337a9cf02f94d5f8f4eb36477
*** Element info: {Using=xpath, value=//mat-icon[@role='img']/following-sibling::mat-label[1]}]]>
            </message>
            <full-stacktrace>
              <![CDATA[org.openqa.selenium.NoSuchElementException: no such element: Unable to locate element: {"method":"xpath","selector":"//mat-icon[@role='img']/following-sibling::mat-label[1]"}
  (Session info: MicrosoftEdge=95.0.1020.30)
For documentation on this error, please visit: https://www.seleniumhq.org/exceptions/no_such_element.html
Build info: version: '3.141.59', revision: 'e82be7d358', time: '2018-11-14T08:25:48'
System info: host: 'ADMIN', ip: '192.168.0.108', os.name: 'Windows 10', os.arch: 'amd64', os.version: '10.0', java.version: '15.0.1'
Driver info: org.openqa.selenium.edge.EdgeDriver
Capabilities {acceptInsecureCerts: false, browserName: msedge, browserVersion: 95.0.1020.30, javascriptEnabled: true, ms:edgeOptions: {debuggerAddress: localhost:61645}, msedge: {msedgedriverVersion: 95.0.1020.30 (09f7018e2a65a..., userDataDir: C:\Users\Admin\AppData\Loca...}, networkConnectionEnabled: false, pageLoadStrategy: normal, platform: WINDOWS, platformName: WINDOWS, proxy: Proxy(), setWindowRect: true, strictFileInteractability: false, timeouts: {implicit: 0, pageLoad: 300000, script: 30000}, unhandledPromptBehavior: dismiss and notify, webauthn:extension:credBlob: true, webauthn:extension:largeBlob: true, webauthn:virtualAuthenticators: true}
Session ID: 1e538c3337a9cf02f94d5f8f4eb36477
*** Element info: {Using=xpath, value=//mat-icon[@role='img']/following-sibling::mat-label[1]}
at java.base/jdk.internal.reflect.NativeConstructorAccessorImpl.newInstance0(Native Method)
at java.base/jdk.internal.reflect.NativeConstructorAccessorImpl.newInstance(NativeConstructorAccessorImpl.java:64)
at java.base/jdk.internal.reflect.DelegatingConstructorAccessorImpl.newInstance(DelegatingConstructorAccessorImpl.java:45)
at java.base/java.lang.reflect.Constructor.newInstanceWithCaller(Constructor.java:500)
at java.base/java.lang.reflect.Constructor.newInstance(Constructor.java:481)
at org.openqa.selenium.remote.http.W3CHttpResponseCodec.createException(W3CHttpResponseCodec.java:187)
at org.openqa.selenium.remote.http.W3CHttpResponseCodec.decode(W3CHttpResponseCodec.java:122)
at org.openqa.selenium.remote.http.W3CHttpResponseCodec.decode(W3CHttpResponseCodec.java:49)
at org.openqa.selenium.remote.HttpCommandExecutor.execute(HttpCommandExecutor.java:158)
at org.openqa.selenium.remote.service.DriverCommandExecutor.execute(DriverCommandExecutor.java:83)
at org.openqa.selenium.remote.RemoteWebDriver.execute(RemoteWebDriver.java:552)
at org.openqa.selenium.remote.RemoteWebDriver.findElement(RemoteWebDriver.java:323)
at org.openqa.selenium.remote.RemoteWebDriver.findElementByXPath(RemoteWebDriver.java:428)
at org.openqa.selenium.By$ByXPath.findElement(By.java:353)
at org.openqa.selenium.remote.RemoteWebDriver.findElement(RemoteWebDriver.java:315)
at SupplierRegistration.TestBankDetails.testBankDetails(TestBankDetails.java:90)
at java.base/jdk.internal.reflect.NativeMethodAccessorImpl.invoke0(Native Method)
at java.base/jdk.internal.reflect.NativeMethodAccessorImpl.invoke(NativeMethodAccessorImpl.java:64)
at java.base/jdk.internal.reflect.DelegatingMethodAccessorImpl.invoke(DelegatingMethodAccessorImpl.java:43)
at java.base/java.lang.reflect.Method.invoke(Method.java:564)
at org.testng.internal.MethodInvocationHelper.invokeMethod(MethodInvocationHelper.java:133)
at org.testng.internal.TestInvoker.invokeMethod(TestInvoker.java:598)
at org.testng.internal.TestInvoker.invokeTestMethod(TestInvoker.java:173)
at org.testng.internal.MethodRunner.runInSequence(MethodRunner.java:46)
at org.testng.internal.TestInvoker$MethodInvocationAgent.invoke(TestInvoker.java:824)
at org.testng.internal.TestInvoker.invokeTestMethods(TestInvoker.java:146)
at org.testng.internal.TestMethodWorker.invokeTestMethods(TestMethodWorker.java:146)
at org.testng.internal.TestMethodWorker.run(TestMethodWorker.java:128)
at java.base/java.util.ArrayList.forEach(ArrayList.java:1511)
at org.testng.TestRunner.privateRun(TestRunner.java:794)
at org.testng.TestRunner.run(TestRunner.java:596)
at org.testng.SuiteRunner.runTest(SuiteRunner.java:377)
at org.testng.SuiteRunner.runSequentially(SuiteRunner.java:371)
at org.testng.SuiteRunner.privateRun(SuiteRunner.java:332)
at org.testng.SuiteRunner.run(SuiteRunner.java:276)
at org.testng.SuiteRunnerWorker.runSuite(SuiteRunnerWorker.java:53)
at org.testng.SuiteRunnerWorker.run(SuiteRunnerWorker.java:96)
at org.testng.TestNG.runSuitesSequentially(TestNG.java:1212)
at org.testng.TestNG.runSuitesLocally(TestNG.java:1134)
at org.testng.TestNG.runSuites(TestNG.java:1063)
at org.testng.TestNG.run(TestNG.java:1031)
at org.testng.remote.AbstractRemoteTestNG.run(AbstractRemoteTestNG.java:115)
at org.testng.remote.RemoteTestNG.initAndRun(RemoteTestNG.java:251)
at org.testng.remote.RemoteTestNG.main(RemoteTestNG.java:77)
]]>
            </full-stacktrace>
          </exception> <!-- org.openqa.selenium.NoSuchElementException -->
          <reporter-output>
          </reporter-output>
        </test-method> <!-- testBankDetails -->
        <test-method signature="testBankDetails(java.lang.String)[pri:0, instance:SupplierRegistration.TestBankDetails@be35cd9]" started-at="2021-10-29T12:18:48 ICT" name="testBankDetails" data-provider="BankDetails" finished-at="2021-10-29T12:18:51 ICT" duration-ms="3637" status="PASS">
          <params>
            <param index="0">
              <value>
                <![CDATA[10000001]]>
              </value>
            </param>
          </params>
          <reporter-output>
          </reporter-output>
        </test-method> <!-- testBankDetails -->
        <test-method signature="testBankDetails(java.lang.String)[pri:0, instance:SupplierRegistration.TestBankDetails@be35cd9]" started-at="2021-10-29T12:18:51 ICT" name="testBankDetails" data-provider="BankDetails" finished-at="2021-10-29T12:18:55 ICT" duration-ms="3573" status="PASS">
          <params>
            <param index="0">
              <value>
                <![CDATA[100100010]]>
              </value>
            </param>
          </params>
          <reporter-output>
          </reporter-output>
        </test-method> <!-- testBankDetails -->
        <test-method signature="testBankDetails(java.lang.String)[pri:0, instance:SupplierRegistration.TestBankDetails@be35cd9]" started-at="2021-10-29T12:18:55 ICT" name="testBankDetails" data-provider="BankDetails" finished-at="2021-10-29T12:18:58 ICT" duration-ms="3337" status="PASS">
          <params>
            <param index="0">
              <value>
                <![CDATA[1000005]]>
              </value>
            </param>
          </params>
          <reporter-output>
          </reporter-output>
        </test-method> <!-- testBankDetails -->
        <test-method signature="testBankDetails(java.lang.String)[pri:0, instance:SupplierRegistration.TestBankDetails@be35cd9]" started-at="2021-10-29T12:18:58 ICT" name="testBankDetails" data-provider="BankDetails" finished-at="2021-10-29T12:19:01 ICT" duration-ms="3259" status="PASS">
          <params>
            <param index="0">
              <value>
                <![CDATA[]]>
              </value>
            </param>
          </params>
          <reporter-output>
          </reporter-output>
        </test-method> <!-- testBankDetails -->
        <test-method signature="testBankDetails(java.lang.String)[pri:0, instance:SupplierRegistration.TestBankDetails@be35cd9]" started-at="2021-10-29T12:19:01 ICT" name="testBankDetails" data-provider="BankDetails" finished-at="2021-10-29T12:19:04 ICT" duration-ms="3141" status="PASS">
          <params>
            <param index="0">
              <value>
                <![CDATA[abcd]]>
              </value>
            </param>
          </params>
          <reporter-output>
          </reporter-output>
        </test-method> <!-- testBankDetails -->
        <test-method is-config="true" signature="afterClass()[pri:0, instance:SupplierRegistration.TestBankDetails@be35cd9]" started-at="2021-10-29T12:19:04 ICT" name="afterClass" finished-at="2021-10-29T12:19:05 ICT" duration-ms="853" status="PASS">
          <reporter-output>
          </reporter-output>
        </test-method> <!-- afterClass -->
      </class> <!-- SupplierRegistration.TestBankDetails -->
    </test> <!-- Test -->
  </suite> <!-- Suite -->
</testng-results>
