<?xml version="1.0" encoding="UTF-8"?>
<!-- Generated by org.testng.reporters.JUnitXMLReporter -->
<testsuite ignored="0" hostname="Admin" failures="0" tests="4" name="Default test" time="23.32" errors="0" timestamp="2021-10-29T12:11:47 ICT">
  <testcase classname="SupplierRegistration.TestPersonalDetails" name="PersonalDetails" time="7.342"/>
  <testcase classname="SupplierRegistration.TestPersonalDetails" name="PersonalDetails" time="2.8"/>
  <testcase classname="SupplierRegistration.TestPersonalDetails" name="PersonalDetails" time="2.791"/>
  <testcase classname="SupplierRegistration.TestPersonalDetails" name="PersonalDetails" time="2.963"/>
</testsuite> <!-- Default test -->
